• turbo 2.9.14

   • Packages in scope: @diffgazer/add, @diffgazer/core, @diffgazer/docs, @diffgazer/keys, @diffgazer/keys-artifacts, @diffgazer/landing, @diffgazer/registry, @diffgazer/server, @diffgazer/ui, @diffgazer/web, diffgazer
   • Running type-check in 11 packages
   • Remote caching disabled

@diffgazer/core:type-check: cache miss, executing be822365a518bf68
@diffgazer/registry:type-check: cache miss, executing 98430abc3d8bde1c
@diffgazer/registry:type-check: 
@diffgazer/registry:type-check: > @diffgazer/registry@0.1.0 type-check /Users/voitz/Projects/diffgazer-workspace/libs/registry
@diffgazer/registry:type-check: > tsc --noEmit && tsc --noEmit -p tsconfig.test.json
@diffgazer/registry:type-check: 
@diffgazer/core:type-check: 
@diffgazer/core:type-check: > @diffgazer/core@0.0.1 type-check /Users/voitz/Projects/diffgazer-workspace/libs/core
@diffgazer/core:type-check: > tsc --noEmit && tsc --noEmit -p tsconfig.test.json && tsc --noEmit -p scripts/tsconfig.json
@diffgazer/core:type-check: 
@diffgazer/keys:type-check: cache miss, executing f902e9359826f874
@diffgazer/keys:type-check: 
@diffgazer/keys:type-check: > @diffgazer/keys@0.2.0 type-check /Users/voitz/Projects/diffgazer-workspace/libs/keys
@diffgazer/keys:type-check: > tsc --noEmit && tsc --noEmit -p tsconfig.test.json && tsc --noEmit -p scripts/tsconfig.json
@diffgazer/keys:type-check: 
@diffgazer/server:type-check: cache miss, executing 3ac84fe41126ec9d
@diffgazer/server:type-check: 
@diffgazer/server:type-check: > @diffgazer/server@0.1.0 type-check /Users/voitz/Projects/diffgazer-workspace/cli/server
@diffgazer/server:type-check: > tsc --noEmit
@diffgazer/server:type-check: 
@diffgazer/ui:type-check: cache miss, executing 1f36b7f4da1489ac
@diffgazer/ui:type-check: 
@diffgazer/ui:type-check: > @diffgazer/ui@0.2.0 type-check /Users/voitz/Projects/diffgazer-workspace/libs/ui
@diffgazer/ui:type-check: > tsc --noEmit && tsc --noEmit -p tsconfig.tools.json && tsc --noEmit -p tsconfig.test.json && tsc --noEmit -p scripts/tsconfig.json
@diffgazer/ui:type-check: 
diffgazer:type-check: cache miss, executing 238502027a3580a5
diffgazer:type-check: 
diffgazer:type-check: > diffgazer@0.1.4 type-check /Users/voitz/Projects/diffgazer-workspace/cli/diffgazer
diffgazer:type-check: > tsc --noEmit
diffgazer:type-check: 
@diffgazer/docs:type-check: cache miss, executing 43699d2c381fd83c
@diffgazer/landing:type-check: cache miss, executing 497ebb58f01b6e11
@diffgazer/web:type-check: cache miss, executing 26fe9f1a33015dfb
@diffgazer/add:type-check: cache miss, executing 91efca999cfdcf80
@diffgazer/landing:type-check: 
@diffgazer/landing:type-check: > @diffgazer/landing@ type-check /Users/voitz/Projects/diffgazer-workspace/apps/landing
@diffgazer/landing:type-check: > tsc -b
@diffgazer/landing:type-check: 
@diffgazer/web:type-check: 
@diffgazer/web:type-check: > @diffgazer/web@0.1.0 type-check /Users/voitz/Projects/diffgazer-workspace/apps/web
@diffgazer/web:type-check: > tsc -b
@diffgazer/web:type-check: 
@diffgazer/add:type-check: 
@diffgazer/add:type-check: > @diffgazer/add@0.1.1 type-check /Users/voitz/Projects/diffgazer-workspace/cli/add
@diffgazer/add:type-check: > tsc --noEmit
@diffgazer/add:type-check: 
@diffgazer/docs:type-check: 
@diffgazer/docs:type-check: > @diffgazer/docs@ pretype-check /Users/voitz/Projects/diffgazer-workspace/apps/docs
@diffgazer/docs:type-check: > pnpm prepare:generated && node ./scripts/generate-route-tree.mjs
@diffgazer/docs:type-check: 
@diffgazer/docs:type-check: 
@diffgazer/docs:type-check: > @diffgazer/docs@ prepare:generated /Users/voitz/Projects/diffgazer-workspace/apps/docs
@diffgazer/docs:type-check: > node ./scripts/prepare-generated.mjs
@diffgazer/docs:type-check: 
@diffgazer/docs:type-check: [docs-sync] Mode: workspace
@diffgazer/docs:type-check: [docs-sync] Artifacts unchanged; skipping sync.
@diffgazer/docs:type-check: [logo-ascii] wrote 3 logo + 1 heading entries to /Users/voitz/Projects/diffgazer-workspace/apps/docs/src/generated/logo-ascii.ts
@diffgazer/docs:type-check: 
@diffgazer/docs:type-check: > @diffgazer/docs@ type-check /Users/voitz/Projects/diffgazer-workspace/apps/docs
@diffgazer/docs:type-check: > tsc --noEmit && tsc --noEmit -p tsconfig.test.json
@diffgazer/docs:type-check: 
@diffgazer/docs:type-check: registry/hooks/use-floating-position.ts(9,8): error TS2307: Cannot find module '@/lib/floating-position' or its corresponding type declarations.
@diffgazer/docs:type-check: registry/hooks/use-floating-position.ts(10,79): error TS2307: Cannot find module '@/lib/floating-position-constants' or its corresponding type declarations.
@diffgazer/docs:type-check: registry/ui/checkbox/checkbox-group.tsx(18,63): error TS2307: Cannot find module '@/lib/aria' or its corresponding type declarations.
@diffgazer/docs:type-check: registry/ui/checkbox/checkbox-group.tsx(173,22): error TS2339: Property 'closest' does not exist on type 'EventTarget'.
@diffgazer/docs:type-check: registry/ui/checkbox/checkbox.tsx(16,46): error TS2307: Cannot find module '@/lib/aria' or its corresponding type declarations.
@diffgazer/docs:type-check: registry/ui/dialog/dialog-content.tsx(17,26): error TS2307: Cannot find module '@/lib/aria' or its corresponding type declarations.
@diffgazer/docs:type-check: registry/ui/field/field.tsx(18,26): error TS2307: Cannot find module '@/lib/aria' or its corresponding type declarations.
@diffgazer/docs:type-check: registry/ui/radio/radio-group.tsx(18,63): error TS2307: Cannot find module '@/lib/aria' or its corresponding type declarations.
@diffgazer/docs:type-check: registry/ui/radio/radio-group.tsx(226,22): error TS2339: Property 'closest' does not exist on type 'EventTarget'.
@diffgazer/docs:type-check: registry/ui/radio/radio.tsx(18,46): error TS2307: Cannot find module '@/lib/aria' or its corresponding type declarations.
@diffgazer/docs:type-check: registry/ui/select/select-trigger.tsx(5,36): error TS2307: Cannot find module '@/lib/aria' or its corresponding type declarations.
@diffgazer/docs:type-check: registry/ui/switch/switch.tsx(13,36): error TS2307: Cannot find module '@/lib/aria' or its corresponding type declarations.
@diffgazer/docs:type-check:  ELIFECYCLE  Command failed with exit code 2.
 ERROR  @diffgazer/docs#type-check: command (/Users/voitz/Projects/diffgazer-workspace/apps/docs) /opt/homebrew/bin/pnpm run type-check exited (2)

 Tasks:    9 successful, 10 total
Cached:    0 cached, 10 total
  Time:    20.108s 
Failed:    @diffgazer/docs#type-check

 ERROR  run failed: command  exited (2)
